Determining if the pthread_create exist failed with the following output:
Change Dir: /home/pansi/pcl_user_code/demension_reduction/build/CMakeFiles/CMakeTmp

Run Build Command:"/usr/bin/make" "cmTC_da35d/fast"
/usr/bin/make -f CMakeFiles/cmTC_da35d.dir/build.make CMakeFiles/cmTC_da35d.dir/build
make[1]: Entering directory '/home/pansi/pcl_user_code/demension_reduction/build/CMakeFiles/CMakeTmp'
Building C object CMakeFiles/cmTC_da35d.dir/CheckSymbolExists.c.o
/usr/bin/cc     -o CMakeFiles/cmTC_da35d.dir/CheckSymbolExists.c.o   -c /home/pansi/pcl_user_code/demension_reduction/build/CMakeFiles/CMakeTmp/CheckSymbolExists.c
Linking C executable cmTC_da35d
/usr/bin/cmake -E cmake_link_script CMakeFiles/cmTC_da35d.dir/link.txt --verbose=1
/usr/bin/cc       CMakeFiles/cmTC_da35d.dir/CheckSymbolExists.c.o  -o cmTC_da35d -rdynamic 
CMakeFiles/cmTC_da35d.dir/CheckSymbolExists.c.o: In function `main':
CheckSymbolExists.c:(.text+0x16): undefined reference to `pthread_create'
collect2: error: ld returned 1 exit status
CMakeFiles/cmTC_da35d.dir/build.make:97: recipe for target 'cmTC_da35d' failed
make[1]: *** [cmTC_da35d] Error 1
make[1]: Leaving directory '/home/pansi/pcl_user_code/demension_reduction/build/CMakeFiles/CMakeTmp'
Makefile:126: recipe for target 'cmTC_da35d/fast' failed
make: *** [cmTC_da35d/fast] Error 2

File /home/pansi/pcl_user_code/demension_reduction/build/CMakeFiles/CMakeTmp/CheckSymbolExists.c:
/* */
#include <pthread.h>

int main(int argc, char** argv)
{
  (void)argv;
#ifndef pthread_create
  return ((int*)(&pthread_create))[argc];
#else
  (void)argc;
  return 0;
#endif
}

Determining if the function pthread_create exists in the pthreads failed with the following output:
Change Dir: /home/pansi/pcl_user_code/demension_reduction/build/CMakeFiles/CMakeTmp

Run Build Command:"/usr/bin/make" "cmTC_328b2/fast"
/usr/bin/make -f CMakeFiles/cmTC_328b2.dir/build.make CMakeFiles/cmTC_328b2.dir/build
make[1]: Entering directory '/home/pansi/pcl_user_code/demension_reduction/build/CMakeFiles/CMakeTmp'
Building C object CMakeFiles/cmTC_328b2.dir/CheckFunctionExists.c.o
/usr/bin/cc    -DCHECK_FUNCTION_EXISTS=pthread_create   -o CMakeFiles/cmTC_328b2.dir/CheckFunctionExists.c.o   -c /usr/share/cmake-3.5/Modules/CheckFunctionExists.c
Linking C executable cmTC_328b2
/usr/bin/cmake -E cmake_link_script CMakeFiles/cmTC_328b2.dir/link.txt --verbose=1
/usr/bin/cc   -DCHECK_FUNCTION_EXISTS=pthread_create    CMakeFiles/cmTC_328b2.dir/CheckFunctionExists.c.o  -o cmTC_328b2 -rdynamic -lpthreads 
/usr/bin/ld: cannot find -lpthreads
collect2: error: ld returned 1 exit status
CMakeFiles/cmTC_328b2.dir/build.make:97: recipe for target 'cmTC_328b2' failed
make[1]: *** [cmTC_328b2] Error 1
make[1]: Leaving directory '/home/pansi/pcl_user_code/demension_reduction/build/CMakeFiles/CMakeTmp'
Makefile:126: recipe for target 'cmTC_328b2/fast' failed
make: *** [cmTC_328b2/fast] Error 2


