Determining if the pthread_create exist failed with the following output:
Change Dir: /home/pansi/pcl_user_code/registration/pairwise_incremental_registration/build/CMakeFiles/CMakeTmp

Run Build Command:"/usr/bin/make" "cmTC_8c107/fast"
/usr/bin/make -f CMakeFiles/cmTC_8c107.dir/build.make CMakeFiles/cmTC_8c107.dir/build
make[1]: Entering directory '/home/pansi/pcl_user_code/registration/pairwise_incremental_registration/build/CMakeFiles/CMakeTmp'
Building C object CMakeFiles/cmTC_8c107.dir/CheckSymbolExists.c.o
/usr/bin/cc     -o CMakeFiles/cmTC_8c107.dir/CheckSymbolExists.c.o   -c /home/pansi/pcl_user_code/registration/pairwise_incremental_registration/build/CMakeFiles/CMakeTmp/CheckSymbolExists.c
Linking C executable cmTC_8c107
/usr/bin/cmake -E cmake_link_script CMakeFiles/cmTC_8c107.dir/link.txt --verbose=1
/usr/bin/cc       CMakeFiles/cmTC_8c107.dir/CheckSymbolExists.c.o  -o cmTC_8c107 -rdynamic 
CMakeFiles/cmTC_8c107.dir/CheckSymbolExists.c.o: In function `main':
CheckSymbolExists.c:(.text+0x16): undefined reference to `pthread_create'
collect2: error: ld returned 1 exit status
CMakeFiles/cmTC_8c107.dir/build.make:97: recipe for target 'cmTC_8c107' failed
make[1]: *** [cmTC_8c107] Error 1
make[1]: Leaving directory '/home/pansi/pcl_user_code/registration/pairwise_incremental_registration/build/CMakeFiles/CMakeTmp'
Makefile:126: recipe for target 'cmTC_8c107/fast' failed
make: *** [cmTC_8c107/fast] Error 2

File /home/pansi/pcl_user_code/registration/pairwise_incremental_registration/build/CMakeFiles/CMakeTmp/CheckSymbolExists.c:
/* */
#include <pthread.h>

int main(int argc, char** argv)
{
  (void)argv;
#ifndef pthread_create
  return ((int*)(&pthread_create))[argc];
#else
  (void)argc;
  return 0;
#endif
}

Determining if the function pthread_create exists in the pthreads failed with the following output:
Change Dir: /home/pansi/pcl_user_code/registration/pairwise_incremental_registration/build/CMakeFiles/CMakeTmp

Run Build Command:"/usr/bin/make" "cmTC_cf3ff/fast"
/usr/bin/make -f CMakeFiles/cmTC_cf3ff.dir/build.make CMakeFiles/cmTC_cf3ff.dir/build
make[1]: Entering directory '/home/pansi/pcl_user_code/registration/pairwise_incremental_registration/build/CMakeFiles/CMakeTmp'
Building C object CMakeFiles/cmTC_cf3ff.dir/CheckFunctionExists.c.o
/usr/bin/cc    -DCHECK_FUNCTION_EXISTS=pthread_create   -o CMakeFiles/cmTC_cf3ff.dir/CheckFunctionExists.c.o   -c /usr/share/cmake-3.5/Modules/CheckFunctionExists.c
Linking C executable cmTC_cf3ff
/usr/bin/cmake -E cmake_link_script CMakeFiles/cmTC_cf3ff.dir/link.txt --verbose=1
/usr/bin/cc   -DCHECK_FUNCTION_EXISTS=pthread_create    CMakeFiles/cmTC_cf3ff.dir/CheckFunctionExists.c.o  -o cmTC_cf3ff -rdynamic -lpthreads 
/usr/bin/ld: cannot find -lpthreads
collect2: error: ld returned 1 exit status
CMakeFiles/cmTC_cf3ff.dir/build.make:97: recipe for target 'cmTC_cf3ff' failed
make[1]: *** [cmTC_cf3ff] Error 1
make[1]: Leaving directory '/home/pansi/pcl_user_code/registration/pairwise_incremental_registration/build/CMakeFiles/CMakeTmp'
Makefile:126: recipe for target 'cmTC_cf3ff/fast' failed
make: *** [cmTC_cf3ff/fast] Error 2


