Determining if the pthread_create exist failed with the following output:
Change Dir: /home/pansi/pcl_user_code/pcd_write/source/build/CMakeFiles/CMakeTmp

Run Build Command:"/usr/bin/make" "cmTC_4271b/fast"
/usr/bin/make -f CMakeFiles/cmTC_4271b.dir/build.make CMakeFiles/cmTC_4271b.dir/build
make[1]: Entering directory '/home/pansi/pcl_user_code/pcd_write/source/build/CMakeFiles/CMakeTmp'
Building C object CMakeFiles/cmTC_4271b.dir/CheckSymbolExists.c.o
/usr/bin/cc     -o CMakeFiles/cmTC_4271b.dir/CheckSymbolExists.c.o   -c /home/pansi/pcl_user_code/pcd_write/source/build/CMakeFiles/CMakeTmp/CheckSymbolExists.c
Linking C executable cmTC_4271b
/usr/bin/cmake -E cmake_link_script CMakeFiles/cmTC_4271b.dir/link.txt --verbose=1
/usr/bin/cc       CMakeFiles/cmTC_4271b.dir/CheckSymbolExists.c.o  -o cmTC_4271b -rdynamic 
CMakeFiles/cmTC_4271b.dir/CheckSymbolExists.c.o: In function `main':
CheckSymbolExists.c:(.text+0x16): undefined reference to `pthread_create'
collect2: error: ld returned 1 exit status
CMakeFiles/cmTC_4271b.dir/build.make:97: recipe for target 'cmTC_4271b' failed
make[1]: *** [cmTC_4271b] Error 1
make[1]: Leaving directory '/home/pansi/pcl_user_code/pcd_write/source/build/CMakeFiles/CMakeTmp'
Makefile:126: recipe for target 'cmTC_4271b/fast' failed
make: *** [cmTC_4271b/fast] Error 2

File /home/pansi/pcl_user_code/pcd_write/source/build/CMakeFiles/CMakeTmp/CheckSymbolExists.c:
/* */
#include <pthread.h>

int main(int argc, char** argv)
{
  (void)argv;
#ifndef pthread_create
  return ((int*)(&pthread_create))[argc];
#else
  (void)argc;
  return 0;
#endif
}

Determining if the function pthread_create exists in the pthreads failed with the following output:
Change Dir: /home/pansi/pcl_user_code/pcd_write/source/build/CMakeFiles/CMakeTmp

Run Build Command:"/usr/bin/make" "cmTC_648cb/fast"
/usr/bin/make -f CMakeFiles/cmTC_648cb.dir/build.make CMakeFiles/cmTC_648cb.dir/build
make[1]: Entering directory '/home/pansi/pcl_user_code/pcd_write/source/build/CMakeFiles/CMakeTmp'
Building C object CMakeFiles/cmTC_648cb.dir/CheckFunctionExists.c.o
/usr/bin/cc    -DCHECK_FUNCTION_EXISTS=pthread_create   -o CMakeFiles/cmTC_648cb.dir/CheckFunctionExists.c.o   -c /usr/share/cmake-3.5/Modules/CheckFunctionExists.c
Linking C executable cmTC_648cb
/usr/bin/cmake -E cmake_link_script CMakeFiles/cmTC_648cb.dir/link.txt --verbose=1
/usr/bin/cc   -DCHECK_FUNCTION_EXISTS=pthread_create    CMakeFiles/cmTC_648cb.dir/CheckFunctionExists.c.o  -o cmTC_648cb -rdynamic -lpthreads 
/usr/bin/ld: cannot find -lpthreads
collect2: error: ld returned 1 exit status
CMakeFiles/cmTC_648cb.dir/build.make:97: recipe for target 'cmTC_648cb' failed
make[1]: *** [cmTC_648cb] Error 1
make[1]: Leaving directory '/home/pansi/pcl_user_code/pcd_write/source/build/CMakeFiles/CMakeTmp'
Makefile:126: recipe for target 'cmTC_648cb/fast' failed
make: *** [cmTC_648cb/fast] Error 2


