Determining if the pthread_create exist failed with the following output:
Change Dir: /home/pansi/pcl_user_code/random_sample_consensus/build/CMakeFiles/CMakeTmp

Run Build Command:"/usr/bin/make" "cmTC_88038/fast"
/usr/bin/make -f CMakeFiles/cmTC_88038.dir/build.make CMakeFiles/cmTC_88038.dir/build
make[1]: Entering directory '/home/pansi/pcl_user_code/random_sample_consensus/build/CMakeFiles/CMakeTmp'
Building C object CMakeFiles/cmTC_88038.dir/CheckSymbolExists.c.o
/usr/bin/cc     -o CMakeFiles/cmTC_88038.dir/CheckSymbolExists.c.o   -c /home/pansi/pcl_user_code/random_sample_consensus/build/CMakeFiles/CMakeTmp/CheckSymbolExists.c
Linking C executable cmTC_88038
/usr/bin/cmake -E cmake_link_script CMakeFiles/cmTC_88038.dir/link.txt --verbose=1
/usr/bin/cc       CMakeFiles/cmTC_88038.dir/CheckSymbolExists.c.o  -o cmTC_88038 -rdynamic 
CMakeFiles/cmTC_88038.dir/CheckSymbolExists.c.o: In function `main':
CheckSymbolExists.c:(.text+0x16): undefined reference to `pthread_create'
collect2: error: ld returned 1 exit status
CMakeFiles/cmTC_88038.dir/build.make:97: recipe for target 'cmTC_88038' failed
make[1]: *** [cmTC_88038] Error 1
make[1]: Leaving directory '/home/pansi/pcl_user_code/random_sample_consensus/build/CMakeFiles/CMakeTmp'
Makefile:126: recipe for target 'cmTC_88038/fast' failed
make: *** [cmTC_88038/fast] Error 2

File /home/pansi/pcl_user_code/random_sample_consensus/build/CMakeFiles/CMakeTmp/CheckSymbolExists.c:
/* */
#include <pthread.h>

int main(int argc, char** argv)
{
  (void)argv;
#ifndef pthread_create
  return ((int*)(&pthread_create))[argc];
#else
  (void)argc;
  return 0;
#endif
}

Determining if the function pthread_create exists in the pthreads failed with the following output:
Change Dir: /home/pansi/pcl_user_code/random_sample_consensus/build/CMakeFiles/CMakeTmp

Run Build Command:"/usr/bin/make" "cmTC_7be21/fast"
/usr/bin/make -f CMakeFiles/cmTC_7be21.dir/build.make CMakeFiles/cmTC_7be21.dir/build
make[1]: Entering directory '/home/pansi/pcl_user_code/random_sample_consensus/build/CMakeFiles/CMakeTmp'
Building C object CMakeFiles/cmTC_7be21.dir/CheckFunctionExists.c.o
/usr/bin/cc    -DCHECK_FUNCTION_EXISTS=pthread_create   -o CMakeFiles/cmTC_7be21.dir/CheckFunctionExists.c.o   -c /usr/share/cmake-3.5/Modules/CheckFunctionExists.c
Linking C executable cmTC_7be21
/usr/bin/cmake -E cmake_link_script CMakeFiles/cmTC_7be21.dir/link.txt --verbose=1
/usr/bin/cc   -DCHECK_FUNCTION_EXISTS=pthread_create    CMakeFiles/cmTC_7be21.dir/CheckFunctionExists.c.o  -o cmTC_7be21 -rdynamic -lpthreads 
/usr/bin/ld: cannot find -lpthreads
collect2: error: ld returned 1 exit status
CMakeFiles/cmTC_7be21.dir/build.make:97: recipe for target 'cmTC_7be21' failed
make[1]: *** [cmTC_7be21] Error 1
make[1]: Leaving directory '/home/pansi/pcl_user_code/random_sample_consensus/build/CMakeFiles/CMakeTmp'
Makefile:126: recipe for target 'cmTC_7be21/fast' failed
make: *** [cmTC_7be21/fast] Error 2


